#
# A fatal error has been detected by the Java Runtime Environment:
#
#  EXCEPTION_ACCESS_VIOLATION (0xc0000005) at pc=0x000000004c7f1130, pid=4044, tid=6008
#
# JRE version: 6.0_18-b07
# Java VM: Java HotSpot(TM) 64-Bit Server VM (16.0-b13 mixed mode windows-amd64 )
# Problematic frame:
# C  0x000000004c7f1130
#
# If you would like to submit a bug report, please visit:
#   http://java.sun.com/webapps/bugreport/crash.jsp
# The crash happened outside the Java Virtual Machine in native code.
# See problematic frame for where to report the bug.
#

---------------  T H R E A D  ---------------

Current thread (0x000000004b73e000):  JavaThread "Timer-0" [_thread_in_native, id=6008, stack(0x000000004c6f0000,0x000000004c7f0000)]

siginfo: ExceptionCode=0xc0000005, ExceptionInformation=0x0000000000000008 0x000000004c7f1130

Registers:
EAX=0x000000004c7f1130, EBX=0x00000000066a74f0, ECX=0x000000004b73e1b8, EDX=0x000000004c7ef1a0
ESP=0x000000004c7ef0e8, EBP=0x000000004c7ef170, ESI=0x00000000066a8ef8, EDI=0x00000000025958ba
EIP=0x000000004c7f1130, EFLAGS=0x0000000000010283

Top of Stack: (sp=0x000000004c7ef0e8)
0x000000004c7ef0e8:   00000000025a1260 0000000000000000
0x000000004c7ef0f8:   00000000025a1783 00000000059975a0
0x000000004c7ef108:   0000000000000000 000000004c7ef128
0x000000004c7ef118:   000000004c7ef178 00000000025958ba
0x000000004c7ef128:   0000000002595989 000000004c7ef130
0x000000004c7ef138:   0000000000000000 000000004c7ef1a0
0x000000004c7ef148:   00000000066ad1f8 0000000000000000
0x000000004c7ef158:   00000000066a74f0 0000000000000000
0x000000004c7ef168:   000000004c7ef190 000000004c7ef1e8
0x000000004c7ef178:   0000000002595989 0000000000000000
0x000000004c7ef188:   000000000259e31b 000000003550bd50
0x000000004c7ef198:   0000000000000001 000000000aaf0ca0
0x000000004c7ef1a8:   000000004c7ef1a8 00000000066a6447
0x000000004c7ef1b8:   000000004c7ef238 00000000066ad1f8
0x000000004c7ef1c8:   0000000000000000 00000000066a6758
0x000000004c7ef1d8:   000000004c7ef190 000000004c7ef220 

Instructions: (pc=0x000000004c7f1130)
0x000000004c7f1120:   
[error occurred during error reporting (printing registers, top of stack, instructions near pc), id 0xc0000005]

Stack: [0x000000004c6f0000,0x000000004c7f0000],  sp=0x000000004c7ef0e8,  free space=3fc0000000000000000k
Native frames: (J=compiled Java code, j=interpreted, Vv=VM code, C=native code)
C  0x000000004c7f1130
j  com.sun.jna.Function.invoke([Ljava/lang/Object;Ljava/lang/Class;Z)Ljava/lang/Object;+615
j  com.sun.jna.Function.invoke(Ljava/lang/Class;[Ljava/lang/Object;Ljava/util/Map;)Ljava/lang/Object;+214
j  com.sun.jna.Library$Handler.invoke(Ljava/lang/Object;Ljava/lang/reflect/Method;[Ljava/lang/Object;)Ljava/lang/Object;+341
j  $Proxy0.GetForegroundWindow()Lcom/sun/jna/platform/win32/WinDef$HWND;+9
j  ubu.logic.WindowsSysCall.getCurrentWindowTitle()Ljava/lang/String;+9
j  ubu.logic.SystemFacade.getCurrentWindowTitle()Ljava/lang/String;+4
j  ubu.logic.Mediator$1.run()V+62
j  java.util.TimerThread.mainLoop()V+221
j  java.util.TimerThread.run()V+1
v  ~StubRoutines::call_stub

Java frames: (J=compiled Java code, j=interpreted, Vv=VM code)
j  com.sun.jna.Function.invokePointer(I[Ljava/lang/Object;)Lcom/sun/jna/Pointer;+0
j  com.sun.jna.Function.invoke([Ljava/lang/Object;Ljava/lang/Class;Z)Ljava/lang/Object;+615
j  com.sun.jna.Function.invoke(Ljava/lang/Class;[Ljava/lang/Object;Ljava/util/Map;)Ljava/lang/Object;+214
j  com.sun.jna.Library$Handler.invoke(Ljava/lang/Object;Ljava/lang/reflect/Method;[Ljava/lang/Object;)Ljava/lang/Object;+341
j  $Proxy0.GetForegroundWindow()Lcom/sun/jna/platform/win32/WinDef$HWND;+9
j  ubu.logic.WindowsSysCall.getCurrentWindowTitle()Ljava/lang/String;+9
j  ubu.logic.SystemFacade.getCurrentWindowTitle()Ljava/lang/String;+4
j  ubu.logic.Mediator$1.run()V+62
j  java.util.TimerThread.mainLoop()V+221
j  java.util.TimerThread.run()V+1
v  ~StubRoutines::call_stub

---------------  P R O C E S S  ---------------

Java Threads: ( => current thread )
  0x000000004d1d0800 JavaThread "AWT-EventQueue-0" [_thread_blocked, id=2128, stack(0x000000004e4d0000,0x000000004e5d0000)]
=>0x000000004b73e000 JavaThread "Timer-0" [_thread_in_native, id=6008, stack(0x000000004c6f0000,0x000000004c7f0000)]
  0x000000004ccc0000 JavaThread "TimerQueue" daemon [_thread_blocked, id=5396, stack(0x000000004df80000,0x000000004e080000)]
  0x000000000061b800 JavaThread "DestroyJavaVM" [_thread_blocked, id=3980, stack(0x0000000002490000,0x0000000002590000)]
  0x000000004b604000 JavaThread "AWT-Shutdown" [_thread_blocked, id=4164, stack(0x000000004c180000,0x000000004c280000)]
  0x000000004b5e4800 JavaThread "Java2D Disposer" daemon [_thread_blocked, id=6084, stack(0x000000004c080000,0x000000004c180000)]
  0x000000000052e800 JavaThread "Low Memory Detector" daemon [_thread_blocked, id=3572, stack(0x000000004bb50000,0x000000004bc50000)]
  0x000000004b5a1000 JavaThread "CompilerThread1" daemon [_thread_blocked, id=4596, stack(0x000000004ba50000,0x000000004bb50000)]
  0x0000000000524000 JavaThread "CompilerThread0" daemon [_thread_blocked, id=5028, stack(0x000000004b950000,0x000000004ba50000)]
  0x0000000000520800 JavaThread "Attach Listener" daemon [_thread_blocked, id=5576, stack(0x000000004b850000,0x000000004b950000)]
  0x000000004b590800 JavaThread "Signal Dispatcher" daemon [_thread_blocked, id=5440, stack(0x000000004b750000,0x000000004b850000)]
  0x000000000050d000 JavaThread "Finalizer" daemon [_thread_blocked, id=3496, stack(0x000000004b450000,0x000000004b550000)]
  0x0000000000503800 JavaThread "Reference Handler" daemon [_thread_blocked, id=5636, stack(0x000000004b350000,0x000000004b450000)]

Other Threads:
  0x00000000004ff000 VMThread [stack: 0x000000004b250000,0x000000004b350000] [id=4256]
  0x000000000052f800 WatcherThread [stack: 0x000000004bc50000,0x000000004bd50000] [id=1060]

VM state:not at safepoint (normal execution)

VM Mutex/Monitor currently owned by a thread: None

Heap
 PSYoungGen      total 19136K, used 4537K [0x0000000035440000, 0x00000000379a0000, 0x000000004a990000)
  eden space 16448K, 11% used [0x0000000035440000,0x0000000035612a28,0x0000000036450000)
  from space 2688K, 99% used [0x0000000037700000,0x000000003799bb18,0x00000000379a0000)
  to   space 2688K, 0% used [0x0000000036450000,0x0000000036450000,0x00000000366f0000)
 PSOldGen        total 43712K, used 2755K [0x000000000a990000, 0x000000000d440000, 0x0000000035440000)
  object space 43712K, 6% used [0x000000000a990000,0x000000000ac40f58,0x000000000d440000)
 PSPermGen       total 21248K, used 17589K [0x0000000005590000, 0x0000000006a50000, 0x000000000a990000)
  object space 21248K, 82% used [0x0000000005590000,0x00000000066bd458,0x0000000006a50000)

Dynamic libraries:
0x0000000000400000 - 0x000000000042e000 	C:\Program Files\Java\jdk1.6.0_18\bin\java.exe
0x0000000077640000 - 0x00000000777ec000 	C:\Windows\SYSTEM32\ntdll.dll
0x0000000077520000 - 0x000000007763f000 	C:\Windows\system32\kernel32.dll
0x000007fefd730000 - 0x000007fefd79c000 	C:\Windows\system32\KERNELBASE.dll
0x000007feff1c0000 - 0x000007feff29b000 	C:\Windows\system32\ADVAPI32.dll
0x000007fefed60000 - 0x000007fefedff000 	C:\Windows\system32\msvcrt.dll
0x000007feff590000 - 0x000007feff5af000 	C:\Windows\SYSTEM32\sechost.dll
0x000007fefeb40000 - 0x000007fefec6e000 	C:\Windows\system32\RPCRT4.dll
0x000000006d890000 - 0x000000006df35000 	C:\Program Files\Java\jdk1.6.0_18\jre\bin\server\jvm.dll
0x0000000077420000 - 0x000000007751a000 	C:\Windows\system32\USER32.dll
0x000007fefda90000 - 0x000007fefdaf7000 	C:\Windows\system32\GDI32.dll
0x000007feff810000 - 0x000007feff81e000 	C:\Windows\system32\LPK.dll
0x000007feff470000 - 0x000007feff53a000 	C:\Windows\system32\USP10.dll
0x000007fefb4d0000 - 0x000007fefb50b000 	C:\Windows\system32\WINMM.dll
0x000007fefef30000 - 0x000007fefef5e000 	C:\Windows\system32\IMM32.DLL
0x000007feff840000 - 0x000007feff949000 	C:\Windows\system32\MSCTF.dll
0x000000006d800000 - 0x000000006d80e000 	C:\Program Files\Java\jdk1.6.0_18\jre\bin\verify.dll
0x000000006d450000 - 0x000000006d477000 	C:\Program Files\Java\jdk1.6.0_18\jre\bin\java.dll
0x000000006d3b0000 - 0x000000006d3ba000 	C:\Program Files\Java\jdk1.6.0_18\jre\bin\hpi.dll
0x0000000077810000 - 0x0000000077817000 	C:\Windows\system32\PSAPI.DLL
0x000000006d850000 - 0x000000006d862000 	C:\Program Files\Java\jdk1.6.0_18\jre\bin\zip.dll
0x000000006d0a0000 - 0x000000006d262000 	C:\Program Files\Java\jdk1.6.0_18\jre\bin\awt.dll
0x000007fef9ae0000 - 0x000007fef9b50000 	C:\Windows\system32\WINSPOOL.DRV
0x000007fefe930000 - 0x000007fefeb32000 	C:\Windows\system32\ole32.dll
0x000007fefdb00000 - 0x000007fefe886000 	C:\Windows\system32\SHELL32.dll
0x000007fefda10000 - 0x000007fefda81000 	C:\Windows\system32\SHLWAPI.dll
0x000007fefc030000 - 0x000007fefc224000 	C:\Windows\WinSxS\amd64_microsoft.windows.common-controls_6595b64144ccf1df_6.0.7600.16661_none_fa62ad231704eab7\COMCTL32.dll
0x000007fefb940000 - 0x000007fefb958000 	C:\Windows\system32\DWMAPI.DLL
0x000007fefbe50000 - 0x000007fefbea6000 	C:\Windows\system32\uxtheme.dll
0x000007fef8230000 - 0x000007fef82af000 	C:\Program Files\Common Files\microsoft shared\ink\tiptsf.dll
0x000007fefec80000 - 0x000007fefed57000 	C:\Windows\system32\OLEAUT32.dll
0x000007fefc6c0000 - 0x000007fefc6cc000 	C:\Windows\system32\version.dll
0x000007fefd4d0000 - 0x000007fefd4df000 	C:\Windows\system32\CRYPTBASE.dll
0x0000000180000000 - 0x000000018004a000 	C:\Program Files\Acer\Acer ePower Management\SysHook.dll
0x000000006d340000 - 0x000000006d3ab000 	C:\Program Files\Java\jdk1.6.0_18\jre\bin\fontmanager.dll
0x000000006d6a0000 - 0x000000006d6b7000 	C:\Program Files\Java\jdk1.6.0_18\jre\bin\net.dll
0x000007feff420000 - 0x000007feff46d000 	C:\Windows\system32\WS2_32.dll
0x000007fefec70000 - 0x000007fefec78000 	C:\Windows\system32\NSI.dll
0x000007fefce10000 - 0x000007fefce64000 	C:\Windows\system32\mswsock.dll
0x000007fefce00000 - 0x000007fefce07000 	C:\Windows\System32\wship6.dll
0x000000006d6c0000 - 0x000000006d6cb000 	C:\Program Files\Java\jdk1.6.0_18\jre\bin\nio.dll
0x000007fefef60000 - 0x000007feff137000 	C:\Windows\system32\SETUPAPI.dll
0x000007fefd7a0000 - 0x000007fefd7d6000 	C:\Windows\system32\CFGMGR32.dll
0x000007fefd7e0000 - 0x000007fefd7fa000 	C:\Windows\system32\DEVOBJ.dll
0x000007fefe890000 - 0x000007fefe929000 	C:\Windows\system32\CLBCatQ.DLL
0x000007fefbeb0000 - 0x000007fefbfdc000 	C:\Windows\system32\propsys.dll
0x000007fefb760000 - 0x000007fefb78d000 	C:\Windows\system32\ntmarta.dll
0x000007feff540000 - 0x000007feff590000 	C:\Windows\system32\WLDAP32.dll
0x000007fefd470000 - 0x000007fefd4c7000 	C:\Windows\system32\apphelp.dll
0x000007fefd5a0000 - 0x000007fefd5af000 	C:\Windows\system32\profapi.dll
0x000007fefb620000 - 0x000007fefb62b000 	C:\Windows\system32\slc.dll
0x000007fefb410000 - 0x000007fefb428000 	C:\Windows\system32\MPR.dll
0x000007fef3ba0000 - 0x000007fef3baa000 	C:\Windows\System32\drprov.dll
0x000007fefc9c0000 - 0x000007fefc9fd000 	C:\Windows\System32\WINSTA.dll
0x000007feee310000 - 0x000007feee332000 	C:\Windows\System32\ntlanman.dll
0x000007feee2f0000 - 0x000007feee30c000 	C:\Windows\System32\davclnt.dll
0x000007fef3ab0000 - 0x000007fef3aba000 	C:\Windows\System32\DAVHLPR.dll
0x000007fefb080000 - 0x000007fefb095000 	C:\Windows\system32\wkscli.dll
0x000007fef9450000 - 0x000007fef945f000 	C:\Windows\system32\cscapi.dll
0x000007fefb0a0000 - 0x000007fefb0ac000 	C:\Windows\system32\netutils.dll
0x000007fefd650000 - 0x000007fefd68a000 	C:\Windows\system32\WINTRUST.dll
0x000007fefd800000 - 0x000007fefd966000 	C:\Windows\system32\CRYPT32.dll
0x000007fefd640000 - 0x000007fefd64f000 	C:\Windows\system32\MSASN1.dll
0x000007fef7d10000 - 0x000007fef7d1c000 	C:\Windows\system32\LINKINFO.dll
0x000000006d2b0000 - 0x000000006d2d8000 	C:\Program Files\Java\jdk1.6.0_18\jre\bin\dcpr.dll
0x000007fefa5f0000 - 0x000007fefa644000 	C:\Windows\system32\oleacc.dll
0x000007fefce70000 - 0x000007fefce87000 	C:\Windows\system32\CRYPTSP.dll
0x000007fefcb70000 - 0x000007fefcbb7000 	C:\Windows\system32\rsaenh.dll
0x000007fefc8f0000 - 0x000007fefc90e000 	C:\Windows\system32\USERENV.dll
0x000007fefb670000 - 0x000007fefb685000 	C:\Windows\system32\NLAapi.dll
0x000007fefcc90000 - 0x000007fefcceb000 	C:\Windows\system32\DNSAPI.dll
0x000007fefb0d0000 - 0x000007fefb0db000 	C:\Windows\System32\winrnr.dll
0x000007fef3a90000 - 0x000007fef3aa5000 	C:\Windows\system32\napinsp.dll
0x000007fef3a70000 - 0x000007fef3a89000 	C:\Windows\system32\pnrpnsp.dll
0x000007fefc7e0000 - 0x000007fefc7e7000 	C:\Windows\System32\wshtcpip.dll
0x000007fefb3a0000 - 0x000007fefb3c7000 	C:\Windows\system32\IPHLPAPI.DLL
0x000007fefb310000 - 0x000007fefb31b000 	C:\Windows\system32\WINNSI.DLL
0x000007fef9510000 - 0x000007fef9518000 	C:\Windows\system32\rasadhlp.dll
0x000007fefb2b0000 - 0x000007fefb303000 	C:\Windows\System32\fwpuclnt.dll
0x000007fefd580000 - 0x000007fefd594000 	C:\Windows\system32\RpcRtRemote.dll

VM Arguments:
jvm_args: -Dfile.encoding=UTF-8 
java_command: ubu.view.CaptureMainFrame
Launcher Type: SUN_STANDARD

Environment Variables:
JAVA_HOME=C:\aplicaciones\jdk1.6.0_07
PATH=C:\Program Files\PlasticSCM\server;C:\Program Files\PlasticSCM\client;C:\oracle\product\10.2.0\db_1\bin;C:\Windows\system32;C:\Windows;C:\Windows\System32\Wbem;C:\Windows\System32\WindowsPowerShell\v1.0\;C:\Program Files (x86)\EgisTec\MyWinLocker 3\x86;C:\Program Files (x86)\EgisTec\MyWinLocker 3\x64;C:\Program Files (x86)\ATI Technologies\ATI.ACE\Core-Static;c:\Program Files (x86)\Microsoft SQL Server\100\Tools\Binn\;c:\Program Files\Microsoft SQL Server\100\Tools\Binn\;c:\Program Files\Microsoft SQL Server\100\DTS\Binn\;C:\Program Files\TortoiseSVN\bin
USERNAME=Rubén
OS=Windows_NT
PROCESSOR_IDENTIFIER=Intel64 Family 6 Model 23 Stepping 10, GenuineIntel



---------------  S Y S T E M  ---------------

OS: Windows 7 Build 7600 

CPU:total 2 (2 cores per cpu, 1 threads per core) family 6 model 23 stepping 10, cmov, cx8, fxsr, mmx, sse, sse2, sse3, ssse3

Memory: 4k page, physical 4192232k(2209144k free), swap 8382564k(5823068k free)

vm_info: Java HotSpot(TM) 64-Bit Server VM (16.0-b13) for windows-amd64 JRE (1.6.0_18-b07), built on Dec 17 2009 13:24:11 by "java_re" with MS VC++ 8.0 (VS2005)

time: Mon Nov 14 20:16:53 2011
elapsed time: 125 seconds

