#
# A fatal error has been detected by the Java Runtime Environment:
#
#  EXCEPTION_ACCESS_VIOLATION (0xc0000005) at pc=0x000000004f7d1130, pid=808, tid=5056
#
# JRE version: 6.0_18-b07
# Java VM: Java HotSpot(TM) 64-Bit Server VM (16.0-b13 mixed mode windows-amd64 )
# Problematic frame:
# C  0x000000004f7d1130
#
# If you would like to submit a bug report, please visit:
#   http://java.sun.com/webapps/bugreport/crash.jsp
# The crash happened outside the Java Virtual Machine in native code.
# See problematic frame for where to report the bug.
#

---------------  T H R E A D  ---------------

Current thread (0x000000004fac9000):  JavaThread "Timer-5" [_thread_in_native, id=5056, stack(0x0000000053a10000,0x0000000053b10000)]

siginfo: ExceptionCode=0xc0000005, ExceptionInformation=0x0000000000000008 0x000000004f7d1130

Registers:
EAX=0x000000004f7d1130, EBX=0x00000000065fc380, ECX=0x000000004fac91b8, EDX=0x0000000053b0f520
ESP=0x0000000053b0f468, EBP=0x0000000053b0f4f0, ESI=0x00000000065fdd88, EDI=0x00000000024158ba
EIP=0x000000004f7d1130, EFLAGS=0x0000000000010283

Top of Stack: (sp=0x0000000053b0f468)
0x0000000053b0f468:   0000000002421260 0000000000000000
0x0000000053b0f478:   0000000002421783 00000000058d7820
0x0000000053b0f488:   0000000000000000 0000000053b0f4a8
0x0000000053b0f498:   0000000053b0f4f8 00000000024158ba
0x0000000053b0f4a8:   0000000002415989 0000000053b0f4b0
0x0000000053b0f4b8:   0000000000000000 0000000053b0f520
0x0000000053b0f4c8:   0000000006602088 0000000000000000
0x0000000053b0f4d8:   00000000065fc380 0000000000000000
0x0000000053b0f4e8:   0000000053b0f510 0000000053b0f568
0x0000000053b0f4f8:   0000000002415989 0000000000000000
0x0000000053b0f508:   000000000241e31b 0000000035ea8a10
0x0000000053b0f518:   0000000000000001 0000000035a84f68
0x0000000053b0f528:   0000000053b0f528 00000000065fb2d7
0x0000000053b0f538:   0000000053b0f5b8 0000000006602088
0x0000000053b0f548:   0000000000000000 00000000065fb5e8
0x0000000053b0f558:   0000000053b0f510 0000000053b0f5a0 

Instructions: (pc=0x000000004f7d1130)
0x000000004f7d1120:   
[error occurred during error reporting (printing registers, top of stack, instructions near pc), id 0xc0000005]

Stack: [0x0000000053a10000,0x0000000053b10000],  sp=0x0000000053b0f468,  free space=3fd0000000000000000k
Native frames: (J=compiled Java code, j=interpreted, Vv=VM code, C=native code)
C  0x000000004f7d1130
j  com.sun.jna.Function.invoke([Ljava/lang/Object;Ljava/lang/Class;Z)Ljava/lang/Object;+615
j  com.sun.jna.Function.invoke(Ljava/lang/Class;[Ljava/lang/Object;Ljava/util/Map;)Ljava/lang/Object;+214
j  com.sun.jna.Library$Handler.invoke(Ljava/lang/Object;Ljava/lang/reflect/Method;[Ljava/lang/Object;)Ljava/lang/Object;+341
j  $Proxy0.GetForegroundWindow()Lcom/sun/jna/platform/win32/WinDef$HWND;+9
j  ubu.logic.WindowsSysCall.getCurrentWindowTitle()Ljava/lang/String;+9
j  ubu.logic.SystemFacade.getCurrentWindowTitle()Ljava/lang/String;+4
j  ubu.logic.Mediator$1.run()V+7
j  java.util.TimerThread.mainLoop()V+221
j  java.util.TimerThread.run()V+1
v  ~StubRoutines::call_stub

Java frames: (J=compiled Java code, j=interpreted, Vv=VM code)
j  com.sun.jna.Function.invokePointer(I[Ljava/lang/Object;)Lcom/sun/jna/Pointer;+0
j  com.sun.jna.Function.invoke([Ljava/lang/Object;Ljava/lang/Class;Z)Ljava/lang/Object;+615
j  com.sun.jna.Function.invoke(Ljava/lang/Class;[Ljava/lang/Object;Ljava/util/Map;)Ljava/lang/Object;+214
j  com.sun.jna.Library$Handler.invoke(Ljava/lang/Object;Ljava/lang/reflect/Method;[Ljava/lang/Object;)Ljava/lang/Object;+341
j  $Proxy0.GetForegroundWindow()Lcom/sun/jna/platform/win32/WinDef$HWND;+9
j  ubu.logic.WindowsSysCall.getCurrentWindowTitle()Ljava/lang/String;+9
j  ubu.logic.SystemFacade.getCurrentWindowTitle()Ljava/lang/String;+4
j  ubu.logic.Mediator$1.run()V+7
j  java.util.TimerThread.mainLoop()V+221
j  java.util.TimerThread.run()V+1
v  ~StubRoutines::call_stub

---------------  P R O C E S S  ---------------

Java Threads: ( => current thread )
  0x000000004f119000 JavaThread "Thread-1" daemon [_thread_in_native, id=2212, stack(0x0000000053fa0000,0x00000000540a0000)]
=>0x000000004fac9000 JavaThread "Timer-5" [_thread_in_native, id=5056, stack(0x0000000053a10000,0x0000000053b10000)]
  0x000000004f3cd000 JavaThread "TimerQueue" daemon [_thread_blocked, id=2592, stack(0x0000000050600000,0x0000000050700000)]
  0x00000000001eb800 JavaThread "DestroyJavaVM" [_thread_blocked, id=2888, stack(0x00000000022e0000,0x00000000023e0000)]
  0x000000004b63a800 JavaThread "AWT-EventQueue-0" [_thread_blocked, id=2288, stack(0x000000004c950000,0x000000004ca50000)]
  0x000000004b557800 JavaThread "AWT-Windows" daemon [_thread_in_native, id=6088, stack(0x000000004c240000,0x000000004c340000)]
  0x000000004b51a000 JavaThread "AWT-Shutdown" [_thread_blocked, id=6128, stack(0x000000004c140000,0x000000004c240000)]
  0x000000004b536000 JavaThread "Java2D Disposer" daemon [_thread_blocked, id=1316, stack(0x000000004c040000,0x000000004c140000)]
  0x000000004b503000 JavaThread "Low Memory Detector" daemon [_thread_blocked, id=5312, stack(0x000000004bac0000,0x000000004bbc0000)]
  0x00000000003ff000 JavaThread "CompilerThread1" daemon [_thread_blocked, id=4928, stack(0x000000004b9c0000,0x000000004bac0000)]
  0x00000000003f2000 JavaThread "CompilerThread0" daemon [_thread_blocked, id=5932, stack(0x000000004b8c0000,0x000000004b9c0000)]
  0x00000000003f0800 JavaThread "Attach Listener" daemon [_thread_blocked, id=1700, stack(0x000000004b7c0000,0x000000004b8c0000)]
  0x00000000003ef800 JavaThread "Signal Dispatcher" daemon [_thread_blocked, id=4916, stack(0x000000004b6c0000,0x000000004b7c0000)]
  0x00000000003d7800 JavaThread "Finalizer" daemon [_thread_blocked, id=652, stack(0x000000004b3c0000,0x000000004b4c0000)]
  0x00000000003d3800 JavaThread "Reference Handler" daemon [_thread_blocked, id=5532, stack(0x000000004b2c0000,0x000000004b3c0000)]

Other Threads:
  0x00000000003cf000 VMThread [stack: 0x000000004b1c0000,0x000000004b2c0000] [id=3696]
  0x000000004b504000 WatcherThread [stack: 0x000000004bbc0000,0x000000004bcc0000] [id=3592]

VM state:not at safepoint (normal execution)

VM Mutex/Monitor currently owned by a thread: None

Heap
 PSYoungGen      total 19136K, used 16061K [0x0000000035380000, 0x00000000368d0000, 0x000000004a8d0000)
  eden space 16448K, 81% used [0x0000000035380000,0x00000000360910a8,0x0000000036390000)
  from space 2688K, 99% used [0x0000000036390000,0x000000003662e718,0x0000000036630000)
  to   space 2688K, 0% used [0x0000000036630000,0x0000000036630000,0x00000000368d0000)
 PSOldGen        total 43712K, used 588K [0x000000000a8d0000, 0x000000000d380000, 0x0000000035380000)
  object space 43712K, 1% used [0x000000000a8d0000,0x000000000a963048,0x000000000d380000)
 PSPermGen       total 21248K, used 18013K [0x00000000054d0000, 0x0000000006990000, 0x000000000a8d0000)
  object space 21248K, 84% used [0x00000000054d0000,0x00000000066674a8,0x0000000006990000)

Dynamic libraries:
0x0000000000400000 - 0x000000000042e000 	C:\Program Files\Java\jdk1.6.0_18\bin\java.exe
0x0000000077640000 - 0x00000000777ec000 	C:\Windows\SYSTEM32\ntdll.dll
0x0000000077520000 - 0x000000007763f000 	C:\Windows\system32\kernel32.dll
0x000007fefd730000 - 0x000007fefd79c000 	C:\Windows\system32\KERNELBASE.dll
0x000007feff1c0000 - 0x000007feff29b000 	C:\Windows\system32\ADVAPI32.dll
0x000007fefed60000 - 0x000007fefedff000 	C:\Windows\system32\msvcrt.dll
0x000007feff590000 - 0x000007feff5af000 	C:\Windows\SYSTEM32\sechost.dll
0x000007fefeb40000 - 0x000007fefec6e000 	C:\Windows\system32\RPCRT4.dll
0x000000006d890000 - 0x000000006df35000 	C:\Program Files\Java\jdk1.6.0_18\jre\bin\server\jvm.dll
0x0000000077420000 - 0x000000007751a000 	C:\Windows\system32\USER32.dll
0x000007fefda90000 - 0x000007fefdaf7000 	C:\Windows\system32\GDI32.dll
0x000007feff810000 - 0x000007feff81e000 	C:\Windows\system32\LPK.dll
0x000007feff470000 - 0x000007feff53a000 	C:\Windows\system32\USP10.dll
0x000007fefb4d0000 - 0x000007fefb50b000 	C:\Windows\system32\WINMM.dll
0x000007fefef30000 - 0x000007fefef5e000 	C:\Windows\system32\IMM32.DLL
0x000007feff840000 - 0x000007feff949000 	C:\Windows\system32\MSCTF.dll
0x000000006d800000 - 0x000000006d80e000 	C:\Program Files\Java\jdk1.6.0_18\jre\bin\verify.dll
0x000000006d450000 - 0x000000006d477000 	C:\Program Files\Java\jdk1.6.0_18\jre\bin\java.dll
0x000000006d3b0000 - 0x000000006d3ba000 	C:\Program Files\Java\jdk1.6.0_18\jre\bin\hpi.dll
0x0000000077810000 - 0x0000000077817000 	C:\Windows\system32\PSAPI.DLL
0x000000006d850000 - 0x000000006d862000 	C:\Program Files\Java\jdk1.6.0_18\jre\bin\zip.dll
0x000000006d0a0000 - 0x000000006d262000 	C:\Program Files\Java\jdk1.6.0_18\jre\bin\awt.dll
0x000007fef9ae0000 - 0x000007fef9b50000 	C:\Windows\system32\WINSPOOL.DRV
0x000007fefe930000 - 0x000007fefeb32000 	C:\Windows\system32\ole32.dll
0x000007fefdb00000 - 0x000007fefe886000 	C:\Windows\system32\SHELL32.dll
0x000007fefda10000 - 0x000007fefda81000 	C:\Windows\system32\SHLWAPI.dll
0x000007fefc030000 - 0x000007fefc224000 	C:\Windows\WinSxS\amd64_microsoft.windows.common-controls_6595b64144ccf1df_6.0.7600.16661_none_fa62ad231704eab7\COMCTL32.dll
0x000007fefb940000 - 0x000007fefb958000 	C:\Windows\system32\DWMAPI.DLL
0x000007fefbe50000 - 0x000007fefbea6000 	C:\Windows\system32\uxtheme.dll
0x000007fef8230000 - 0x000007fef82af000 	C:\Program Files\Common Files\microsoft shared\ink\tiptsf.dll
0x000007fefec80000 - 0x000007fefed57000 	C:\Windows\system32\OLEAUT32.dll
0x000007fefc6c0000 - 0x000007fefc6cc000 	C:\Windows\system32\version.dll
0x000007fefd4d0000 - 0x000007fefd4df000 	C:\Windows\system32\CRYPTBASE.dll
0x0000000180000000 - 0x000000018004a000 	C:\Program Files\Acer\Acer ePower Management\SysHook.dll
0x000000006d340000 - 0x000000006d3ab000 	C:\Program Files\Java\jdk1.6.0_18\jre\bin\fontmanager.dll
0x0000000067b90000 - 0x0000000068004000 	C:\Windows\system32\atiumd64.dll
0x0000000069e40000 - 0x000000006a0ba000 	C:\Windows\system32\atiumd6a.dll
0x000000006d6a0000 - 0x000000006d6b7000 	C:\Program Files\Java\jdk1.6.0_18\jre\bin\net.dll
0x000007feff420000 - 0x000007feff46d000 	C:\Windows\system32\WS2_32.dll
0x000007fefec70000 - 0x000007fefec78000 	C:\Windows\system32\NSI.dll
0x000007fefce10000 - 0x000007fefce64000 	C:\Windows\system32\mswsock.dll
0x000007fefce00000 - 0x000007fefce07000 	C:\Windows\System32\wship6.dll
0x000000006d6c0000 - 0x000000006d6cb000 	C:\Program Files\Java\jdk1.6.0_18\jre\bin\nio.dll
0x000007fefef60000 - 0x000007feff137000 	C:\Windows\system32\SETUPAPI.dll
0x000007fefd7a0000 - 0x000007fefd7d6000 	C:\Windows\system32\CFGMGR32.dll
0x000007fefd7e0000 - 0x000007fefd7fa000 	C:\Windows\system32\DEVOBJ.dll
0x000007fefe890000 - 0x000007fefe929000 	C:\Windows\system32\CLBCatQ.DLL
0x000007fefbeb0000 - 0x000007fefbfdc000 	C:\Windows\system32\propsys.dll
0x000007fefb760000 - 0x000007fefb78d000 	C:\Windows\system32\ntmarta.dll
0x000007feff540000 - 0x000007feff590000 	C:\Windows\system32\WLDAP32.dll
0x000007fefd470000 - 0x000007fefd4c7000 	C:\Windows\system32\apphelp.dll
0x000007fef7770000 - 0x000007fef790c000 	C:\Windows\system32\NetworkExplorer.dll
0x000007fef7d20000 - 0x000007fef7d53000 	C:\Windows\System32\shdocvw.dll
0x000007fefd5a0000 - 0x000007fefd5af000 	C:\Windows\system32\profapi.dll
0x000007fefb620000 - 0x000007fefb62b000 	C:\Windows\system32\slc.dll
0x000007fefb410000 - 0x000007fefb428000 	C:\Windows\system32\MPR.dll
0x000007fef3ba0000 - 0x000007fef3baa000 	C:\Windows\System32\drprov.dll
0x000007fefc9c0000 - 0x000007fefc9fd000 	C:\Windows\System32\WINSTA.dll
0x000007feee310000 - 0x000007feee332000 	C:\Windows\System32\ntlanman.dll
0x000007feee2f0000 - 0x000007feee30c000 	C:\Windows\System32\davclnt.dll
0x000007fef3ab0000 - 0x000007fef3aba000 	C:\Windows\System32\DAVHLPR.dll
0x000007fefb080000 - 0x000007fefb095000 	C:\Windows\system32\wkscli.dll
0x000007fef9450000 - 0x000007fef945f000 	C:\Windows\system32\cscapi.dll
0x000007fefb0a0000 - 0x000007fefb0ac000 	C:\Windows\system32\netutils.dll
0x000007fef5640000 - 0x000007fef56fd000 	C:\Windows\system32\PortableDeviceApi.dll
0x000007fefd650000 - 0x000007fefd68a000 	C:\Windows\system32\WINTRUST.dll
0x000007fefd800000 - 0x000007fefd966000 	C:\Windows\system32\CRYPT32.dll
0x000007fefd640000 - 0x000007fefd64f000 	C:\Windows\system32\MSASN1.dll
0x000007fef5a60000 - 0x000007fef5a87000 	C:\Windows\system32\EhStorAPI.dll
0x000007fef7d10000 - 0x000007fef7d1c000 	C:\Windows\system32\LINKINFO.dll
0x000000006d2b0000 - 0x000000006d2d8000 	C:\Program Files\Java\jdk1.6.0_18\jre\bin\dcpr.dll
0x000007fefa5f0000 - 0x000007fefa644000 	C:\Windows\system32\oleacc.dll
0x000007fefce70000 - 0x000007fefce87000 	C:\Windows\system32\CRYPTSP.dll
0x000007fefcb70000 - 0x000007fefcbb7000 	C:\Windows\system32\rsaenh.dll
0x000007fefc8f0000 - 0x000007fefc90e000 	C:\Windows\system32\USERENV.dll
0x000007fefb670000 - 0x000007fefb685000 	C:\Windows\system32\NLAapi.dll
0x000007fefcc90000 - 0x000007fefcceb000 	C:\Windows\system32\DNSAPI.dll
0x000007fefb0d0000 - 0x000007fefb0db000 	C:\Windows\System32\winrnr.dll
0x000007fef3a90000 - 0x000007fef3aa5000 	C:\Windows\system32\napinsp.dll
0x000007fef3a70000 - 0x000007fef3a89000 	C:\Windows\system32\pnrpnsp.dll
0x000007fefc7e0000 - 0x000007fefc7e7000 	C:\Windows\System32\wshtcpip.dll
0x000007fefb3a0000 - 0x000007fefb3c7000 	C:\Windows\system32\IPHLPAPI.DLL
0x000007fefb310000 - 0x000007fefb31b000 	C:\Windows\system32\WINNSI.DLL
0x000007fef9510000 - 0x000007fef9518000 	C:\Windows\system32\rasadhlp.dll
0x000007fefb2b0000 - 0x000007fefb303000 	C:\Windows\System32\fwpuclnt.dll

VM Arguments:
jvm_args: -Dfile.encoding=UTF-8 
java_command: ubu.view.CaptureMainFrame
Launcher Type: SUN_STANDARD

Environment Variables:
JAVA_HOME=C:\aplicaciones\jdk1.6.0_07
PATH=C:\Program Files\PlasticSCM\server;C:\Program Files\PlasticSCM\client;C:\oracle\product\10.2.0\db_1\bin;C:\Windows\system32;C:\Windows;C:\Windows\System32\Wbem;C:\Windows\System32\WindowsPowerShell\v1.0\;C:\Program Files (x86)\EgisTec\MyWinLocker 3\x86;C:\Program Files (x86)\EgisTec\MyWinLocker 3\x64;C:\Program Files (x86)\ATI Technologies\ATI.ACE\Core-Static;c:\Program Files (x86)\Microsoft SQL Server\100\Tools\Binn\;c:\Program Files\Microsoft SQL Server\100\Tools\Binn\;c:\Program Files\Microsoft SQL Server\100\DTS\Binn\;C:\Program Files\TortoiseSVN\bin
USERNAME=Rubén
OS=Windows_NT
PROCESSOR_IDENTIFIER=Intel64 Family 6 Model 23 Stepping 10, GenuineIntel



---------------  S Y S T E M  ---------------

OS: Windows 7 Build 7600 

CPU:total 2 (2 cores per cpu, 1 threads per core) family 6 model 23 stepping 10, cmov, cx8, fxsr, mmx, sse, sse2, sse3, ssse3

Memory: 4k page, physical 4192232k(2074584k free), swap 8382564k(5692756k free)

vm_info: Java HotSpot(TM) 64-Bit Server VM (16.0-b13) for windows-amd64 JRE (1.6.0_18-b07), built on Dec 17 2009 13:24:11 by "java_re" with MS VC++ 8.0 (VS2005)

time: Mon Nov 14 21:09:00 2011
elapsed time: 91 seconds

